Arguments: 
  /Users/skywrace/.nvm/versions/node/v16.15.0/bin/node /Users/skywrace/.nvm/versions/node/v16.15.0/bin/yarn add docify-cli

PATH: 
  /Users/skywrace/.nvm/versions/node/v16.15.0/bin:/opt/homebrew/bin:/opt/homebrew/sbin:/usr/local/bin:/System/Cryptexes/App/usr/bin:/usr/bin:/bin:/usr/sbin:/sbin:/usr/local/go/bin:/Library/Apple/usr/bin:/Users/skywrace/miniforge3/condabin:/Users/skywrace/.nvm/versions/node/v16.15.0/bin:/opt/homebrew/bin:/opt/homebrew/sbin:/Users/skywrace/.yarn/bin:/Users/skywrace/Library/Android/sdk/emulator:/Users/skywrace/Library/Android/sdk/platform-tools:/Users/skywrace/go/bin:/Users/skywrace/.yarn/bin:/Users/skywrace/Library/Android/sdk/emulator:/Users/skywrace/Library/Android/sdk/platform-tools:/Users/skywrace/go/bin

Yarn version: 
  1.22.19

Node version: 
  16.15.0

Platform: 
  darwin arm64

Trace: 
  Error: https://registry.yarnpkg.com/docify-cli: Not found
      at Request.params.callback [as _callback] (/Users/skywrace/.nvm/versions/node/v16.15.0/lib/node_modules/yarn/lib/cli.js:66145:18)
      at Request.self.callback (/Users/skywrace/.nvm/versions/node/v16.15.0/lib/node_modules/yarn/lib/cli.js:140890:22)
      at Request.emit (node:events:527:28)
      at Request.<anonymous> (/Users/skywrace/.nvm/versions/node/v16.15.0/lib/node_modules/yarn/lib/cli.js:141862:10)
      at Request.emit (node:events:527:28)
      at IncomingMessage.<anonymous> (/Users/skywrace/.nvm/versions/node/v16.15.0/lib/node_modules/yarn/lib/cli.js:141784:12)
      at Object.onceWrapper (node:events:641:28)
      at IncomingMessage.emit (node:events:539:35)
      at endReadableNT (node:internal/streams/readable:1345:12)
      at processTicksAndRejections (node:internal/process/task_queues:83:21)

npm manifest: 
  {
    "name": "tl-docsify",
    "version": "1.0.0",
    "main": "index.js",
    "repository": "https://github.com/andreipope/tl-docsify.git",
    "author": "JWWon <skywrace@gmail.com>",
    "license": "MIT"
  }

yarn manifest: 
  No manifest

Lockfile: 
  # THIS IS AN AUTOGENERATED FILE. DO NOT EDIT THIS FILE DIRECTLY.
  # yarn lockfile v1
